#
# There is insufficient memory for the Java Runtime Environment to continue.
# Native memory allocation (malloc) failed to allocate 32744 bytes for Chunk::new
# Possible reasons:
#   The system is out of physical RAM or swap space
#   The process is running with CompressedOops enabled, and the Java Heap may be blocking the growth of the native heap
# Possible solutions:
#   Reduce memory load on the system
#   Increase physical memory or swap space
#   Check if swap backing store is full
#   Decrease Java heap size (-Xmx/-Xms)
#   Decrease number of Java threads
#   Decrease Java thread stack sizes (-Xss)
#   Set larger code cache with -XX:ReservedCodeCacheSize=
#   JVM is running with Unscaled Compressed Oops mode in which the Java heap is
#     placed in the first 4GB address space. The Java Heap base address is the
#     maximum limit for the native heap growth. Please use -XX:HeapBaseMinAddress
#     to set the Java Heap base and to place the Java Heap above 4GB virtual address.
# This output file may be truncated or incomplete.
#
#  Out of Memory Error (arena.cpp:168), pid=784, tid=17712
#
# JRE version: Java(TM) SE Runtime Environment (21.0.7+8) (build 21.0.7+8-LTS-245)
# Java VM: Java HotSpot(TM) 64-Bit Server VM (21.0.7+8-LTS-245, mixed mode, sharing, tiered, compressed oops, compressed class ptrs, g1 gc, windows-amd64)
# No core dump will be written. Minidumps are not enabled by default on client versions of Windows
#

---------------  S U M M A R Y ------------

Command Line: -javaagent:C:\Users\USER\AppData\Local\JetBrains\IdeaIC2025.2\captureAgent\debugger-agent.jar=file:///C:/Users/USER/AppData/Local/Temp/capture17985421244576790025.props -ea -Didea.test.cyclic.buffer.size=1048576 -javaagent:C:\Program Files\JetBrains\IntelliJ IDEA Community Edition 2025.2.1\lib\idea_rt.jar=52286 -Dkotlinx.coroutines.debug.enable.creation.stack.trace=false -Ddebugger.agent.enable.coroutines=true -Dkotlinx.coroutines.debug.enable.flows.stack.trace=true -Dkotlinx.coroutines.debug.enable.mutable.state.flows.stack.trace=true -Dfile.encoding=UTF-8 -Dsun.stdout.encoding=UTF-8 -Dsun.stderr.encoding=UTF-8 com.intellij.rt.testng.RemoteTestNGStarter -usedefaultlisteners false -socket52285 @w@C:\Users\USER\AppData\Local\Temp\idea_working_dirs_testng.tmp -temp C:\Users\USER\AppData\Local\Temp\idea_testng.tmp

Host: 11th Gen Intel(R) Core(TM) i5-1135G7 @ 2.40GHz, 8 cores, 7G,  Windows 11 , 64 bit Build 26100 (10.0.26100.5074)
Time: Wed Sep 24 16:49:52 2025 South Africa Standard Time elapsed time: 10.179075 seconds (0d 0h 0m 10s)

---------------  T H R E A D  ---------------

Current thread (0x000002102d58c140):  JavaThread "C1 CompilerThread0" daemon [_thread_in_vm, id=17712, stack(0x000000fc1ea00000,0x000000fc1eb00000) (1024K)]


Current CompileTask:
C1:  10179 1301       1       jdk.internal.event.ThreadSleepEvent::isEnabled (2 bytes)

Stack: [0x000000fc1ea00000,0x000000fc1eb00000]
Native frames: (J=compiled Java code, j=interpreted, Vv=VM code, C=native code)
V  [jvm.dll+0x6cae19]
V  [jvm.dll+0x855741]
V  [jvm.dll+0x857c6e]
V  [jvm.dll+0x858343]
V  [jvm.dll+0x27e0b6]
V  [jvm.dll+0xc4ecd]
V  [jvm.dll+0xc5403]
V  [jvm.dll+0x1f9e8b]
V  [jvm.dll+0x1e5783]
V  [jvm.dll+0x2556a6]
V  [jvm.dll+0x253daa]
V  [jvm.dll+0x3eebb6]
V  [jvm.dll+0x7ffa1b]
V  [jvm.dll+0x6c94fd]
C  [ucrtbase.dll+0x37b0]
C  [KERNEL32.DLL+0x2e8d7]
C  [ntdll.dll+0x8d9c]


---------------  P R O C E S S  ---------------

Threads class SMR info:
_java_thread_list=0x00000210739ec9c0, length=14, elements={
0x000002100e99ccb0, 0x000002102d55e980, 0x000002102d55f780, 0x000002102d562f90,
0x000002102d566e90, 0x000002102d5680a0, 0x000002102d56b0d0, 0x000002102d57cf20,
0x000002102d58c140, 0x000002102d79f370, 0x000002102d893400, 0x000002107305f960,
0x00000210730914e0, 0x000002107392f640
}

Java Threads: ( => current thread )
  0x000002100e99ccb0 JavaThread "main"                              [_thread_in_native, id=21984, stack(0x000000fc1db00000,0x000000fc1dc00000) (1024K)]
  0x000002102d55e980 JavaThread "Reference Handler"          daemon [_thread_blocked, id=17488, stack(0x000000fc1e300000,0x000000fc1e400000) (1024K)]
  0x000002102d55f780 JavaThread "Finalizer"                  daemon [_thread_blocked, id=10612, stack(0x000000fc1e400000,0x000000fc1e500000) (1024K)]
  0x000002102d562f90 JavaThread "Signal Dispatcher"          daemon [_thread_blocked, id=8284, stack(0x000000fc1e500000,0x000000fc1e600000) (1024K)]
  0x000002102d566e90 JavaThread "Attach Listener"            daemon [_thread_blocked, id=25228, stack(0x000000fc1e600000,0x000000fc1e700000) (1024K)]
  0x000002102d5680a0 JavaThread "Service Thread"             daemon [_thread_blocked, id=6660, stack(0x000000fc1e700000,0x000000fc1e800000) (1024K)]
  0x000002102d56b0d0 JavaThread "Monitor Deflation Thread"   daemon [_thread_blocked, id=16780, stack(0x000000fc1e800000,0x000000fc1e900000) (1024K)]
  0x000002102d57cf20 JavaThread "C2 CompilerThread0"         daemon [_thread_blocked, id=13532, stack(0x000000fc1e900000,0x000000fc1ea00000) (1024K)]
=>0x000002102d58c140 JavaThread "C1 CompilerThread0"         daemon [_thread_in_vm, id=17712, stack(0x000000fc1ea00000,0x000000fc1eb00000) (1024K)]
  0x000002102d79f370 JavaThread "Common-Cleaner"             daemon [_thread_blocked, id=11100, stack(0x000000fc1eb00000,0x000000fc1ec00000) (1024K)]
  0x000002102d893400 JavaThread "IntelliJ Suspend Helper"    daemon [_thread_blocked, id=20820, stack(0x000000fc1ec00000,0x000000fc1ed00000) (1024K)]
  0x000002107305f960 JavaThread "Monitor Ctrl-Break"         daemon [_thread_in_native, id=6700, stack(0x000000fc1ed00000,0x000000fc1ee00000) (1024K)]
  0x00000210730914e0 JavaThread "Notification Thread"        daemon [_thread_blocked, id=21768, stack(0x000000fc1ee00000,0x000000fc1ef00000) (1024K)]
  0x000002107392f640 JavaThread "External Process Output Forwarder - C:\Users\USER\.cache\selenium\manager\0.4.35\selenium-manager.exe" daemon [_thread_in_native, id=3156, stack(0x000000fc1f000000,0x000000fc1f100000) (1024K)]
Total: 14

Other Threads:
  0x000002102d5411b0 VMThread "VM Thread"                           [id=4432, stack(0x000000fc1e200000,0x000000fc1e300000) (1024K)]
  0x000002102d531660 WatcherThread "VM Periodic Task Thread"        [id=24628, stack(0x000000fc1e100000,0x000000fc1e200000) (1024K)]
  0x000002100ef2b2b0 WorkerThread "GC Thread#0"                     [id=24448, stack(0x000000fc1dc00000,0x000000fc1dd00000) (1024K)]
  0x000002100ef3cf70 ConcurrentGCThread "G1 Main Marker"            [id=18032, stack(0x000000fc1dd00000,0x000000fc1de00000) (1024K)]
  0x000002100ef3d980 WorkerThread "G1 Conc#0"                       [id=22152, stack(0x000000fc1de00000,0x000000fc1df00000) (1024K)]
  0x000002102d400160 ConcurrentGCThread "G1 Refine#0"               [id=17984, stack(0x000000fc1df00000,0x000000fc1e000000) (1024K)]
  0x000002102d401990 ConcurrentGCThread "G1 Service"                [id=21800, stack(0x000000fc1e000000,0x000000fc1e100000) (1024K)]
Total: 7

Threads with active compile tasks:
C1 CompilerThread0    10207 1301       1       jdk.internal.event.ThreadSleepEvent::isEnabled (2 bytes)
Total: 1

VM state: not at safepoint (normal execution)

VM Mutex/Monitor currently owned by a thread: None

Heap address: 0x0000000083600000, size: 1994 MB, Compressed Oops mode: 32-bit

CDS archive(s) mapped at: [0x000002102e000000-0x000002102ec90000-0x000002102ec90000), size 13172736, SharedBaseAddress: 0x000002102e000000, ArchiveRelocationMode: 1.
Compressed class space mapped at: 0x000002102f000000-0x000002106f000000, reserved size: 1073741824
Narrow klass base: 0x000002102e000000, Narrow klass shift: 0, Narrow klass range: 0x100000000

GC Precious Log:
 CardTable entry size: 512
 Card Set container configuration: InlinePtr #cards 5 size 8 Array Of Cards #cards 12 size 40 Howl #buckets 4 coarsen threshold 1843 Howl Bitmap #cards 512 size 80 coarsen threshold 460 Card regions per heap region 1 cards per card region 2048
 CPUs: 8 total, 8 available
 Memory: 7971M
 Large Page Support: Disabled
 NUMA Support: Disabled
 Compressed Oops: Enabled (32-bit)
 Heap Region Size: 1M
 Heap Min Capacity: 8M
 Heap Initial Capacity: 126M
 Heap Max Capacity: 1994M
 Pre-touch: Disabled
 Parallel Workers: 8
 Concurrent Workers: 2
 Concurrent Refinement Workers: 8
 Periodic GC: Disabled

Heap:
 garbage-first heap   total 129024K, used 22528K [0x0000000083600000, 0x0000000100000000)
  region size 1024K, 23 young (23552K), 0 survivors (0K)
 Metaspace       used 10852K, committed 11072K, reserved 1114112K
  class space    used 1127K, committed 1216K, reserved 1048576K

Heap Regions: E=young(eden), S=young(survivor), O=old, HS=humongous(starts), HC=humongous(continues), CS=collection set, F=free, TAMS=top-at-mark-start, PB=parsable bottom
|   0|0x0000000083600000, 0x0000000083700000, 0x0000000083700000|100%|HS|  |TAMS 0x0000000083600000| PB 0x0000000083600000| Complete 
|   1|0x0000000083700000, 0x0000000083700000, 0x0000000083800000|  0%| F|  |TAMS 0x0000000083700000| PB 0x0000000083700000| Untracked 
|   2|0x0000000083800000, 0x0000000083800000, 0x0000000083900000|  0%| F|  |TAMS 0x0000000083800000| PB 0x0000000083800000| Untracked 
|   3|0x0000000083900000, 0x0000000083900000, 0x0000000083a00000|  0%| F|  |TAMS 0x0000000083900000| PB 0x0000000083900000| Untracked 
|   4|0x0000000083a00000, 0x0000000083a00000, 0x0000000083b00000|  0%| F|  |TAMS 0x0000000083a00000| PB 0x0000000083a00000| Untracked 
|   5|0x0000000083b00000, 0x0000000083b00000, 0x0000000083c00000|  0%| F|  |TAMS 0x0000000083b00000| PB 0x0000000083b00000| Untracked 
|   6|0x0000000083c00000, 0x0000000083c00000, 0x0000000083d00000|  0%| F|  |TAMS 0x0000000083c00000| PB 0x0000000083c00000| Untracked 
|   7|0x0000000083d00000, 0x0000000083d00000, 0x0000000083e00000|  0%| F|  |TAMS 0x0000000083d00000| PB 0x0000000083d00000| Untracked 
|   8|0x0000000083e00000, 0x0000000083e00000, 0x0000000083f00000|  0%| F|  |TAMS 0x0000000083e00000| PB 0x0000000083e00000| Untracked 
|   9|0x0000000083f00000, 0x0000000083f00000, 0x0000000084000000|  0%| F|  |TAMS 0x0000000083f00000| PB 0x0000000083f00000| Untracked 
|  10|0x0000000084000000, 0x0000000084000000, 0x0000000084100000|  0%| F|  |TAMS 0x0000000084000000| PB 0x0000000084000000| Untracked 
|  11|0x0000000084100000, 0x0000000084100000, 0x0000000084200000|  0%| F|  |TAMS 0x0000000084100000| PB 0x0000000084100000| Untracked 
|  12|0x0000000084200000, 0x0000000084200000, 0x0000000084300000|  0%| F|  |TAMS 0x0000000084200000| PB 0x0000000084200000| Untracked 
|  13|0x0000000084300000, 0x0000000084300000, 0x0000000084400000|  0%| F|  |TAMS 0x0000000084300000| PB 0x0000000084300000| Untracked 
|  14|0x0000000084400000, 0x0000000084400000, 0x0000000084500000|  0%| F|  |TAMS 0x0000000084400000| PB 0x0000000084400000| Untracked 
|  15|0x0000000084500000, 0x0000000084500000, 0x0000000084600000|  0%| F|  |TAMS 0x0000000084500000| PB 0x0000000084500000| Untracked 
|  16|0x0000000084600000, 0x0000000084600000, 0x0000000084700000|  0%| F|  |TAMS 0x0000000084600000| PB 0x0000000084600000| Untracked 
|  17|0x0000000084700000, 0x0000000084700000, 0x0000000084800000|  0%| F|  |TAMS 0x0000000084700000| PB 0x0000000084700000| Untracked 
|  18|0x0000000084800000, 0x0000000084800000, 0x0000000084900000|  0%| F|  |TAMS 0x0000000084800000| PB 0x0000000084800000| Untracked 
|  19|0x0000000084900000, 0x0000000084900000, 0x0000000084a00000|  0%| F|  |TAMS 0x0000000084900000| PB 0x0000000084900000| Untracked 
|  20|0x0000000084a00000, 0x0000000084a00000, 0x0000000084b00000|  0%| F|  |TAMS 0x0000000084a00000| PB 0x0000000084a00000| Untracked 
|  21|0x0000000084b00000, 0x0000000084b00000, 0x0000000084c00000|  0%| F|  |TAMS 0x0000000084b00000| PB 0x0000000084b00000| Untracked 
|  22|0x0000000084c00000, 0x0000000084c00000, 0x0000000084d00000|  0%| F|  |TAMS 0x0000000084c00000| PB 0x0000000084c00000| Untracked 
|  23|0x0000000084d00000, 0x0000000084d00000, 0x0000000084e00000|  0%| F|  |TAMS 0x0000000084d00000| PB 0x0000000084d00000| Untracked 
|  24|0x0000000084e00000, 0x0000000084e00000, 0x0000000084f00000|  0%| F|  |TAMS 0x0000000084e00000| PB 0x0000000084e00000| Untracked 
|  25|0x0000000084f00000, 0x0000000084f00000, 0x0000000085000000|  0%| F|  |TAMS 0x0000000084f00000| PB 0x0000000084f00000| Untracked 
|  26|0x0000000085000000, 0x0000000085000000, 0x0000000085100000|  0%| F|  |TAMS 0x0000000085000000| PB 0x0000000085000000| Untracked 
|  27|0x0000000085100000, 0x0000000085100000, 0x0000000085200000|  0%| F|  |TAMS 0x0000000085100000| PB 0x0000000085100000| Untracked 
|  28|0x0000000085200000, 0x0000000085200000, 0x0000000085300000|  0%| F|  |TAMS 0x0000000085200000| PB 0x0000000085200000| Untracked 
|  29|0x0000000085300000, 0x0000000085300000, 0x0000000085400000|  0%| F|  |TAMS 0x0000000085300000| PB 0x0000000085300000| Untracked 
|  30|0x0000000085400000, 0x0000000085400000, 0x0000000085500000|  0%| F|  |TAMS 0x0000000085400000| PB 0x0000000085400000| Untracked 
|  31|0x0000000085500000, 0x0000000085500000, 0x0000000085600000|  0%| F|  |TAMS 0x0000000085500000| PB 0x0000000085500000| Untracked 
|  32|0x0000000085600000, 0x0000000085600000, 0x0000000085700000|  0%| F|  |TAMS 0x0000000085600000| PB 0x0000000085600000| Untracked 
|  33|0x0000000085700000, 0x0000000085700000, 0x0000000085800000|  0%| F|  |TAMS 0x0000000085700000| PB 0x0000000085700000| Untracked 
|  34|0x0000000085800000, 0x0000000085800000, 0x0000000085900000|  0%| F|  |TAMS 0x0000000085800000| PB 0x0000000085800000| Untracked 
|  35|0x0000000085900000, 0x0000000085900000, 0x0000000085a00000|  0%| F|  |TAMS 0x0000000085900000| PB 0x0000000085900000| Untracked 
|  36|0x0000000085a00000, 0x0000000085a00000, 0x0000000085b00000|  0%| F|  |TAMS 0x0000000085a00000| PB 0x0000000085a00000| Untracked 
|  37|0x0000000085b00000, 0x0000000085b00000, 0x0000000085c00000|  0%| F|  |TAMS 0x0000000085b00000| PB 0x0000000085b00000| Untracked 
|  38|0x0000000085c00000, 0x0000000085c00000, 0x0000000085d00000|  0%| F|  |TAMS 0x0000000085c00000| PB 0x0000000085c00000| Untracked 
|  39|0x0000000085d00000, 0x0000000085d00000, 0x0000000085e00000|  0%| F|  |TAMS 0x0000000085d00000| PB 0x0000000085d00000| Untracked 
|  40|0x0000000085e00000, 0x0000000085e00000, 0x0000000085f00000|  0%| F|  |TAMS 0x0000000085e00000| PB 0x0000000085e00000| Untracked 
|  41|0x0000000085f00000, 0x0000000085f00000, 0x0000000086000000|  0%| F|  |TAMS 0x0000000085f00000| PB 0x0000000085f00000| Untracked 
|  42|0x0000000086000000, 0x0000000086000000, 0x0000000086100000|  0%| F|  |TAMS 0x0000000086000000| PB 0x0000000086000000| Untracked 
|  43|0x0000000086100000, 0x0000000086100000, 0x0000000086200000|  0%| F|  |TAMS 0x0000000086100000| PB 0x0000000086100000| Untracked 
|  44|0x0000000086200000, 0x0000000086200000, 0x0000000086300000|  0%| F|  |TAMS 0x0000000086200000| PB 0x0000000086200000| Untracked 
|  45|0x0000000086300000, 0x0000000086300000, 0x0000000086400000|  0%| F|  |TAMS 0x0000000086300000| PB 0x0000000086300000| Untracked 
|  46|0x0000000086400000, 0x0000000086400000, 0x0000000086500000|  0%| F|  |TAMS 0x0000000086400000| PB 0x0000000086400000| Untracked 
|  47|0x0000000086500000, 0x0000000086500000, 0x0000000086600000|  0%| F|  |TAMS 0x0000000086500000| PB 0x0000000086500000| Untracked 
|  48|0x0000000086600000, 0x0000000086600000, 0x0000000086700000|  0%| F|  |TAMS 0x0000000086600000| PB 0x0000000086600000| Untracked 
|  49|0x0000000086700000, 0x0000000086700000, 0x0000000086800000|  0%| F|  |TAMS 0x0000000086700000| PB 0x0000000086700000| Untracked 
|  50|0x0000000086800000, 0x0000000086800000, 0x0000000086900000|  0%| F|  |TAMS 0x0000000086800000| PB 0x0000000086800000| Untracked 
|  51|0x0000000086900000, 0x0000000086900000, 0x0000000086a00000|  0%| F|  |TAMS 0x0000000086900000| PB 0x0000000086900000| Untracked 
|  52|0x0000000086a00000, 0x0000000086a00000, 0x0000000086b00000|  0%| F|  |TAMS 0x0000000086a00000| PB 0x0000000086a00000| Untracked 
|  53|0x0000000086b00000, 0x0000000086b00000, 0x0000000086c00000|  0%| F|  |TAMS 0x0000000086b00000| PB 0x0000000086b00000| Untracked 
|  54|0x0000000086c00000, 0x0000000086c00000, 0x0000000086d00000|  0%| F|  |TAMS 0x0000000086c00000| PB 0x0000000086c00000| Untracked 
|  55|0x0000000086d00000, 0x0000000086d00000, 0x0000000086e00000|  0%| F|  |TAMS 0x0000000086d00000| PB 0x0000000086d00000| Untracked 
|  56|0x0000000086e00000, 0x0000000086e00000, 0x0000000086f00000|  0%| F|  |TAMS 0x0000000086e00000| PB 0x0000000086e00000| Untracked 
|  57|0x0000000086f00000, 0x0000000086f00000, 0x0000000087000000|  0%| F|  |TAMS 0x0000000086f00000| PB 0x0000000086f00000| Untracked 
|  58|0x0000000087000000, 0x0000000087000000, 0x0000000087100000|  0%| F|  |TAMS 0x0000000087000000| PB 0x0000000087000000| Untracked 
|  59|0x0000000087100000, 0x0000000087100000, 0x0000000087200000|  0%| F|  |TAMS 0x0000000087100000| PB 0x0000000087100000| Untracked 
|  60|0x0000000087200000, 0x0000000087200000, 0x0000000087300000|  0%| F|  |TAMS 0x0000000087200000| PB 0x0000000087200000| Untracked 
|  61|0x0000000087300000, 0x0000000087300000, 0x0000000087400000|  0%| F|  |TAMS 0x0000000087300000| PB 0x0000000087300000| Untracked 
|  62|0x0000000087400000, 0x0000000087400000, 0x0000000087500000|  0%| F|  |TAMS 0x0000000087400000| PB 0x0000000087400000| Untracked 
|  63|0x0000000087500000, 0x0000000087500000, 0x0000000087600000|  0%| F|  |TAMS 0x0000000087500000| PB 0x0000000087500000| Untracked 
|  64|0x0000000087600000, 0x0000000087600000, 0x0000000087700000|  0%| F|  |TAMS 0x0000000087600000| PB 0x0000000087600000| Untracked 
|  65|0x0000000087700000, 0x0000000087700000, 0x0000000087800000|  0%| F|  |TAMS 0x0000000087700000| PB 0x0000000087700000| Untracked 
|  66|0x0000000087800000, 0x0000000087800000, 0x0000000087900000|  0%| F|  |TAMS 0x0000000087800000| PB 0x0000000087800000| Untracked 
|  67|0x0000000087900000, 0x0000000087900000, 0x0000000087a00000|  0%| F|  |TAMS 0x0000000087900000| PB 0x0000000087900000| Untracked 
|  68|0x0000000087a00000, 0x0000000087a00000, 0x0000000087b00000|  0%| F|  |TAMS 0x0000000087a00000| PB 0x0000000087a00000| Untracked 
|  69|0x0000000087b00000, 0x0000000087b00000, 0x0000000087c00000|  0%| F|  |TAMS 0x0000000087b00000| PB 0x0000000087b00000| Untracked 
|  70|0x0000000087c00000, 0x0000000087c00000, 0x0000000087d00000|  0%| F|  |TAMS 0x0000000087c00000| PB 0x0000000087c00000| Untracked 
|  71|0x0000000087d00000, 0x0000000087d00000, 0x0000000087e00000|  0%| F|  |TAMS 0x0000000087d00000| PB 0x0000000087d00000| Untracked 
|  72|0x0000000087e00000, 0x0000000087e00000, 0x0000000087f00000|  0%| F|  |TAMS 0x0000000087e00000| PB 0x0000000087e00000| Untracked 
|  73|0x0000000087f00000, 0x0000000087f00000, 0x0000000088000000|  0%| F|  |TAMS 0x0000000087f00000| PB 0x0000000087f00000| Untracked 
|  74|0x0000000088000000, 0x0000000088000000, 0x0000000088100000|  0%| F|  |TAMS 0x0000000088000000| PB 0x0000000088000000| Untracked 
|  75|0x0000000088100000, 0x0000000088100000, 0x0000000088200000|  0%| F|  |TAMS 0x0000000088100000| PB 0x0000000088100000| Untracked 
|  76|0x0000000088200000, 0x0000000088200000, 0x0000000088300000|  0%| F|  |TAMS 0x0000000088200000| PB 0x0000000088200000| Untracked 
|  77|0x0000000088300000, 0x0000000088300000, 0x0000000088400000|  0%| F|  |TAMS 0x0000000088300000| PB 0x0000000088300000| Untracked 
|  78|0x0000000088400000, 0x0000000088400000, 0x0000000088500000|  0%| F|  |TAMS 0x0000000088400000| PB 0x0000000088400000| Untracked 
|  79|0x0000000088500000, 0x0000000088500000, 0x0000000088600000|  0%| F|  |TAMS 0x0000000088500000| PB 0x0000000088500000| Untracked 
|  80|0x0000000088600000, 0x0000000088600000, 0x0000000088700000|  0%| F|  |TAMS 0x0000000088600000| PB 0x0000000088600000| Untracked 
|  81|0x0000000088700000, 0x0000000088700000, 0x0000000088800000|  0%| F|  |TAMS 0x0000000088700000| PB 0x0000000088700000| Untracked 
|  82|0x0000000088800000, 0x0000000088800000, 0x0000000088900000|  0%| F|  |TAMS 0x0000000088800000| PB 0x0000000088800000| Untracked 
|  83|0x0000000088900000, 0x0000000088900000, 0x0000000088a00000|  0%| F|  |TAMS 0x0000000088900000| PB 0x0000000088900000| Untracked 
|  84|0x0000000088a00000, 0x0000000088a00000, 0x0000000088b00000|  0%| F|  |TAMS 0x0000000088a00000| PB 0x0000000088a00000| Untracked 
|  85|0x0000000088b00000, 0x0000000088b00000, 0x0000000088c00000|  0%| F|  |TAMS 0x0000000088b00000| PB 0x0000000088b00000| Untracked 
|  86|0x0000000088c00000, 0x0000000088c00000, 0x0000000088d00000|  0%| F|  |TAMS 0x0000000088c00000| PB 0x0000000088c00000| Untracked 
|  87|0x0000000088d00000, 0x0000000088d00000, 0x0000000088e00000|  0%| F|  |TAMS 0x0000000088d00000| PB 0x0000000088d00000| Untracked 
|  88|0x0000000088e00000, 0x0000000088e00000, 0x0000000088f00000|  0%| F|  |TAMS 0x0000000088e00000| PB 0x0000000088e00000| Untracked 
|  89|0x0000000088f00000, 0x0000000088f00000, 0x0000000089000000|  0%| F|  |TAMS 0x0000000088f00000| PB 0x0000000088f00000| Untracked 
|  90|0x0000000089000000, 0x0000000089000000, 0x0000000089100000|  0%| F|  |TAMS 0x0000000089000000| PB 0x0000000089000000| Untracked 
|  91|0x0000000089100000, 0x0000000089100000, 0x0000000089200000|  0%| F|  |TAMS 0x0000000089100000| PB 0x0000000089100000| Untracked 
|  92|0x0000000089200000, 0x0000000089200000, 0x0000000089300000|  0%| F|  |TAMS 0x0000000089200000| PB 0x0000000089200000| Untracked 
|  93|0x0000000089300000, 0x0000000089300000, 0x0000000089400000|  0%| F|  |TAMS 0x0000000089300000| PB 0x0000000089300000| Untracked 
|  94|0x0000000089400000, 0x0000000089400000, 0x0000000089500000|  0%| F|  |TAMS 0x0000000089400000| PB 0x0000000089400000| Untracked 
|  95|0x0000000089500000, 0x0000000089500000, 0x0000000089600000|  0%| F|  |TAMS 0x0000000089500000| PB 0x0000000089500000| Untracked 
|  96|0x0000000089600000, 0x0000000089600000, 0x0000000089700000|  0%| F|  |TAMS 0x0000000089600000| PB 0x0000000089600000| Untracked 
|  97|0x0000000089700000, 0x0000000089700000, 0x0000000089800000|  0%| F|  |TAMS 0x0000000089700000| PB 0x0000000089700000| Untracked 
|  98|0x0000000089800000, 0x0000000089800000, 0x0000000089900000|  0%| F|  |TAMS 0x0000000089800000| PB 0x0000000089800000| Untracked 
|  99|0x0000000089900000, 0x0000000089900000, 0x0000000089a00000|  0%| F|  |TAMS 0x0000000089900000| PB 0x0000000089900000| Untracked 
| 100|0x0000000089a00000, 0x0000000089a00000, 0x0000000089b00000|  0%| F|  |TAMS 0x0000000089a00000| PB 0x0000000089a00000| Untracked 
| 101|0x0000000089b00000, 0x0000000089b00000, 0x0000000089c00000|  0%| F|  |TAMS 0x0000000089b00000| PB 0x0000000089b00000| Untracked 
| 102|0x0000000089c00000, 0x0000000089c00000, 0x0000000089d00000|  0%| F|  |TAMS 0x0000000089c00000| PB 0x0000000089c00000| Untracked 
| 103|0x0000000089d00000, 0x0000000089e00000, 0x0000000089e00000|100%| E|  |TAMS 0x0000000089d00000| PB 0x0000000089d00000| Complete 
| 104|0x0000000089e00000, 0x0000000089f00000, 0x0000000089f00000|100%| E|CS|TAMS 0x0000000089e00000| PB 0x0000000089e00000| Complete 
| 105|0x0000000089f00000, 0x000000008a000000, 0x000000008a000000|100%| E|CS|TAMS 0x0000000089f00000| PB 0x0000000089f00000| Complete 
| 106|0x000000008a000000, 0x000000008a100000, 0x000000008a100000|100%| E|CS|TAMS 0x000000008a000000| PB 0x000000008a000000| Complete 
| 107|0x000000008a100000, 0x000000008a200000, 0x000000008a200000|100%| E|CS|TAMS 0x000000008a100000| PB 0x000000008a100000| Complete 
| 108|0x000000008a200000, 0x000000008a300000, 0x000000008a300000|100%| E|CS|TAMS 0x000000008a200000| PB 0x000000008a200000| Complete 
| 109|0x000000008a300000, 0x000000008a400000, 0x000000008a400000|100%| E|  |TAMS 0x000000008a300000| PB 0x000000008a300000| Complete 
| 110|0x000000008a400000, 0x000000008a500000, 0x000000008a500000|100%| E|CS|TAMS 0x000000008a400000| PB 0x000000008a400000| Complete 
| 111|0x000000008a500000, 0x000000008a600000, 0x000000008a600000|100%| E|CS|TAMS 0x000000008a500000| PB 0x000000008a500000| Complete 
| 112|0x000000008a600000, 0x000000008a700000, 0x000000008a700000|100%| E|CS|TAMS 0x000000008a600000| PB 0x000000008a600000| Complete 
| 113|0x000000008a700000, 0x000000008a800000, 0x000000008a800000|100%| E|CS|TAMS 0x000000008a700000| PB 0x000000008a700000| Complete 
| 114|0x000000008a800000, 0x000000008a900000, 0x000000008a900000|100%| E|CS|TAMS 0x000000008a800000| PB 0x000000008a800000| Complete 
| 115|0x000000008a900000, 0x000000008aa00000, 0x000000008aa00000|100%| E|CS|TAMS 0x000000008a900000| PB 0x000000008a900000| Complete 
| 116|0x000000008aa00000, 0x000000008ab00000, 0x000000008ab00000|100%| E|CS|TAMS 0x000000008aa00000| PB 0x000000008aa00000| Complete 
| 117|0x000000008ab00000, 0x000000008ac00000, 0x000000008ac00000|100%| E|CS|TAMS 0x000000008ab00000| PB 0x000000008ab00000| Complete 
| 118|0x000000008ac00000, 0x000000008ad00000, 0x000000008ad00000|100%| E|CS|TAMS 0x000000008ac00000| PB 0x000000008ac00000| Complete 
| 119|0x000000008ad00000, 0x000000008ae00000, 0x000000008ae00000|100%| E|CS|TAMS 0x000000008ad00000| PB 0x000000008ad00000| Complete 
| 120|0x000000008ae00000, 0x000000008af00000, 0x000000008af00000|100%| E|CS|TAMS 0x000000008ae00000| PB 0x000000008ae00000| Complete 
| 121|0x000000008af00000, 0x000000008b000000, 0x000000008b000000|100%| E|CS|TAMS 0x000000008af00000| PB 0x000000008af00000| Complete 
| 122|0x000000008b000000, 0x000000008b100000, 0x000000008b100000|100%| E|CS|TAMS 0x000000008b000000| PB 0x000000008b000000| Complete 
| 123|0x000000008b100000, 0x000000008b200000, 0x000000008b200000|100%| E|CS|TAMS 0x000000008b100000| PB 0x000000008b100000| Complete 
| 124|0x000000008b200000, 0x000000008b300000, 0x000000008b300000|100%| E|CS|TAMS 0x000000008b200000| PB 0x000000008b200000| Complete 
| 125|0x000000008b300000, 0x000000008b400000, 0x000000008b400000|100%| E|CS|TAMS 0x000000008b300000| PB 0x000000008b300000| Complete 

Card table byte_map: [0x0000021028780000,0x0000021028b70000] _byte_map_base: 0x0000021028365000

Marking Bits: (CMBitMap*) 0x000002100ef2b8c0
 Bits: [0x0000021028b70000, 0x000002102aa98000)

Polling page: 0x000002100ebf0000

Metaspace:

Usage:
  Non-class:      9.50 MB used.
      Class:      1.10 MB used.
       Both:     10.60 MB used.

Virtual space:
  Non-class space:       64.00 MB reserved,       9.62 MB ( 15%) committed,  1 nodes.
      Class space:        1.00 GB reserved,       1.19 MB ( <1%) committed,  1 nodes.
             Both:        1.06 GB reserved,      10.81 MB ( <1%) committed. 

Chunk freelists:
   Non-Class:  6.26 MB
       Class:  14.72 MB
        Both:  20.97 MB

MaxMetaspaceSize: unlimited
CompressedClassSpaceSize: 1.00 GB
Initial GC threshold: 21.00 MB
Current GC threshold: 21.00 MB
CDS: on
 - commit_granule_bytes: 65536.
 - commit_granule_words: 8192.
 - virtual_space_node_default_size: 8388608.
 - enlarge_chunks_in_place: 1.
 - use_allocation_guard: 0.


Internal statistics:

num_allocs_failed_limit: 0.
num_arena_births: 206.
num_arena_deaths: 0.
num_vsnodes_births: 2.
num_vsnodes_deaths: 0.
num_space_committed: 173.
num_space_uncommitted: 0.
num_chunks_returned_to_freelist: 0.
num_chunks_taken_from_freelist: 376.
num_chunk_merges: 0.
num_chunk_splits: 214.
num_chunks_enlarged: 106.
num_inconsistent_stats: 0.

CodeHeap 'non-profiled nmethods': size=120000Kb used=506Kb max_used=506Kb free=119493Kb
 bounds [0x0000021020400000, 0x0000021020670000, 0x0000021027930000]
CodeHeap 'profiled nmethods': size=120000Kb used=2287Kb max_used=2287Kb free=117712Kb
 bounds [0x0000021018930000, 0x0000021018ba0000, 0x000002101fe60000]
CodeHeap 'non-nmethods': size=5760Kb used=1516Kb max_used=1532Kb free=4243Kb
 bounds [0x000002101fe60000, 0x00000210200d0000, 0x0000021020400000]
 total_blobs=1775 nmethods=1297 adapters=383
 compilation: enabled
              stopped_count=0, restarted_count=0
 full_count=0

Compilation events (20 events):
Event: 1.030 Thread 0x000002102d58c140 nmethod 1288 0x0000021018b65490 code [0x0000021018b65640, 0x0000021018b65758]
Event: 1.030 Thread 0x000002102d58c140 1290       3       jdk.internal.org.objectweb.asm.Type::getDescriptor (93 bytes)
Event: 1.030 Thread 0x000002102d58c140 nmethod 1290 0x0000021018b65810 code [0x0000021018b65a80, 0x0000021018b66178]
Event: 1.030 Thread 0x000002102d58c140 1291       3       jdk.internal.org.objectweb.asm.ClassWriter::visitField (53 bytes)
Event: 1.031 Thread 0x000002102d58c140 nmethod 1291 0x0000021018b66490 code [0x0000021018b66660, 0x0000021018b669b8]
Event: 1.031 Thread 0x000002102d58c140 1292       3       jdk.internal.org.objectweb.asm.FieldWriter::<init> (69 bytes)
Event: 1.031 Thread 0x000002102d58c140 nmethod 1292 0x0000021018b66b10 code [0x0000021018b66d00, 0x0000021018b670c8]
Event: 1.033 Thread 0x000002102d58c140 1294       3       jdk.internal.org.objectweb.asm.ClassWriter::<init> (73 bytes)
Event: 1.033 Thread 0x000002102d58c140 nmethod 1294 0x0000021018b67310 code [0x0000021018b67500, 0x0000021018b679a8]
Event: 1.033 Thread 0x000002102d58c140 1295       3       java.lang.invoke.DirectMethodHandle::preparedLambdaForm (244 bytes)
Event: 1.034 Thread 0x000002102d58c140 nmethod 1295 0x0000021018b67b10 code [0x0000021018b67e00, 0x0000021018b68d58]
Event: 1.034 Thread 0x000002102d58c140 1298       3       java.lang.invoke.InvokerBytecodeGenerator::isStaticallyNameable (148 bytes)
Event: 1.035 Thread 0x000002102d58c140 nmethod 1298 0x0000021018b69310 code [0x0000021018b695c0, 0x0000021018b6a0b0]
Event: 1.035 Thread 0x000002102d58c140 1297       3       jdk.internal.org.objectweb.asm.ClassWriter::<init> (7 bytes)
Event: 1.035 Thread 0x000002102d58c140 nmethod 1297 0x0000021018b6a390 code [0x0000021018b6a540, 0x0000021018b6a688]
Event: 1.041 Thread 0x000002102d58c140 1299       1       java.util.logging.LogManager$LoggerContext::getOwner (5 bytes)
Event: 1.041 Thread 0x000002102d58c140 nmethod 1299 0x000002102047e390 code [0x000002102047e520, 0x000002102047e5e8]
Event: 1.042 Thread 0x000002102d58c140 1300       3       java.lang.invoke.MethodType::dropParameterTypes (162 bytes)
Event: 1.043 Thread 0x000002102d58c140 nmethod 1300 0x0000021018b6a710 code [0x0000021018b6aa20, 0x0000021018b6b928]
Event: 8.148 Thread 0x000002102d58c140 1301       1       jdk.internal.event.ThreadSleepEvent::isEnabled (2 bytes)

GC Heap History (0 events):
No events

Dll operation events (11 events):
Event: 0.020 Loaded shared library C:\Program Files\Java\jdk-21\bin\java.dll
Event: 0.022 Loaded shared library C:\Program Files\Java\jdk-21\bin\zip.dll
Event: 0.063 Loaded shared library C:\Program Files\Java\jdk-21\bin\jsvml.dll
Event: 0.165 Loaded shared library C:\Program Files\Java\jdk-21\bin\instrument.dll
Event: 0.236 Loaded shared library C:\Program Files\Java\jdk-21\bin\net.dll
Event: 0.238 Loaded shared library C:\Program Files\Java\jdk-21\bin\nio.dll
Event: 0.254 Loaded shared library C:\Program Files\Java\jdk-21\bin\zip.dll
Event: 0.279 Loaded shared library C:\Program Files\Java\jdk-21\bin\extnet.dll
Event: 0.425 Loaded shared library C:\Program Files\Java\jdk-21\bin\jimage.dll
Event: 0.992 Loaded shared library C:\Program Files\Java\jdk-21\bin\management.dll
Event: 0.994 Loaded shared library C:\Program Files\Java\jdk-21\bin\management_ext.dll

Deoptimization events (20 events):
Event: 1.006 Thread 0x000002100e99ccb0 Uncommon trap: trap_request=0xffffffc6 fr.pc=0x00000210204794a0 relative=0x0000000000000d00
Event: 1.006 Thread 0x000002100e99ccb0 Uncommon trap: reason=bimorphic_or_optimized_type_check action=maybe_recompile pc=0x00000210204794a0 method=java.util.HashMap.putVal(ILjava/lang/Object;Ljava/lang/Object;ZZ)Ljava/lang/Object; @ 56 c2
Event: 1.006 Thread 0x000002100e99ccb0 DEOPT PACKING pc=0x00000210204794a0 sp=0x000000fc1dbfcf80
Event: 1.006 Thread 0x000002100e99ccb0 DEOPT UNPACKING pc=0x000002101feb7da2 sp=0x000000fc1dbfcea0 mode 2
Event: 1.006 Thread 0x000002100e99ccb0 Uncommon trap: trap_request=0xffffffc6 fr.pc=0x00000210204794a0 relative=0x0000000000000d00
Event: 1.006 Thread 0x000002100e99ccb0 Uncommon trap: reason=bimorphic_or_optimized_type_check action=maybe_recompile pc=0x00000210204794a0 method=java.util.HashMap.putVal(ILjava/lang/Object;Ljava/lang/Object;ZZ)Ljava/lang/Object; @ 56 c2
Event: 1.006 Thread 0x000002100e99ccb0 DEOPT PACKING pc=0x00000210204794a0 sp=0x000000fc1dbfcf80
Event: 1.006 Thread 0x000002100e99ccb0 DEOPT UNPACKING pc=0x000002101feb7da2 sp=0x000000fc1dbfcea0 mode 2
Event: 1.006 Thread 0x000002100e99ccb0 Uncommon trap: trap_request=0xffffffc6 fr.pc=0x00000210204794a0 relative=0x0000000000000d00
Event: 1.006 Thread 0x000002100e99ccb0 Uncommon trap: reason=bimorphic_or_optimized_type_check action=maybe_recompile pc=0x00000210204794a0 method=java.util.HashMap.putVal(ILjava/lang/Object;Ljava/lang/Object;ZZ)Ljava/lang/Object; @ 56 c2
Event: 1.006 Thread 0x000002100e99ccb0 DEOPT PACKING pc=0x00000210204794a0 sp=0x000000fc1dbfcf80
Event: 1.006 Thread 0x000002100e99ccb0 DEOPT UNPACKING pc=0x000002101feb7da2 sp=0x000000fc1dbfcea0 mode 2
Event: 1.006 Thread 0x000002100e99ccb0 Uncommon trap: trap_request=0xffffffc6 fr.pc=0x00000210204794a0 relative=0x0000000000000d00
Event: 1.006 Thread 0x000002100e99ccb0 Uncommon trap: reason=bimorphic_or_optimized_type_check action=maybe_recompile pc=0x00000210204794a0 method=java.util.HashMap.putVal(ILjava/lang/Object;Ljava/lang/Object;ZZ)Ljava/lang/Object; @ 56 c2
Event: 1.006 Thread 0x000002100e99ccb0 DEOPT PACKING pc=0x00000210204794a0 sp=0x000000fc1dbfcf80
Event: 1.006 Thread 0x000002100e99ccb0 DEOPT UNPACKING pc=0x000002101feb7da2 sp=0x000000fc1dbfcea0 mode 2
Event: 1.011 Thread 0x000002100e99ccb0 Uncommon trap: trap_request=0xffffff45 fr.pc=0x000002102042b1ec relative=0x000000000000004c
Event: 1.011 Thread 0x000002100e99ccb0 Uncommon trap: reason=unstable_if action=reinterpret pc=0x000002102042b1ec method=sun.nio.fs.WindowsPathParser.isSlash(C)Z @ 9 c2
Event: 1.011 Thread 0x000002100e99ccb0 DEOPT PACKING pc=0x000002102042b1ec sp=0x000000fc1dbfd710
Event: 1.011 Thread 0x000002100e99ccb0 DEOPT UNPACKING pc=0x000002101feb7da2 sp=0x000000fc1dbfd698 mode 2

Classes loaded (20 events):
Event: 1.040 Loading class jdk/internal/event/ProcessStartEvent
Event: 1.040 Loading class jdk/internal/event/ProcessStartEvent done
Event: 1.040 Loading class jdk/internal/logger/LazyLoggers
Event: 1.040 Loading class jdk/internal/logger/LazyLoggers done
Event: 1.040 Loading class jdk/internal/logger/LazyLoggers$1
Event: 1.040 Loading class jdk/internal/logger/LazyLoggers$1 done
Event: 1.040 Loading class jdk/internal/logger/LazyLoggers$LazyLoggerFactories
Event: 1.040 Loading class jdk/internal/logger/LazyLoggers$LazyLoggerFactories done
Event: 1.040 Loading class jdk/internal/logger/LoggerFinderLoader
Event: 1.041 Loading class jdk/internal/logger/LoggerFinderLoader done
Event: 1.041 Loading class jdk/internal/logger/LoggerFinderLoader$TemporaryLoggerFinder
Event: 1.041 Loading class jdk/internal/logger/LoggerFinderLoader$TemporaryLoggerFinder done
Event: 1.041 Loading class sun/util/logging/internal/LoggingProviderImpl$JULWrapper
Event: 1.041 Loading class sun/util/logging/PlatformLogger$ConfigurableBridge$LoggerConfiguration
Event: 1.041 Loading class sun/util/logging/PlatformLogger$ConfigurableBridge$LoggerConfiguration done
Event: 1.041 Loading class sun/util/logging/internal/LoggingProviderImpl$JULWrapper done
Event: 1.042 Loading class java/lang/System$Logger$Level
Event: 1.042 Loading class java/lang/System$Logger$Level done
Event: 1.042 Loading class org/openqa/selenium/os/ExternalProcess$Builder
Event: 1.042 Loading class org/openqa/selenium/os/ExternalProcess$Builder done

Classes unloaded (0 events):
No events

Classes redefined (1 events):
Event: 0.202 Thread 0x000002102d5411b0 redefined class name=java.lang.Throwable, count=1

Internal exceptions (20 events):
Event: 0.637 Thread 0x000002100e99ccb0 Exception <a 'java/lang/ClassNotFoundException'{0x000000008a77b8f0}: com/sun/org/apache/xerces/internal/impl/msg/spi/SAXMessagesProvider> (0x000000008a77b8f0) 
thrown [s\open\src\hotspot\share\classfile\systemDictionary.cpp, line 312]
Event: 0.721 Thread 0x000002100e99ccb0 Exception <a 'java/lang/NoSuchMethodError'{0x000000008a6d5250}: 'java.lang.Object java.lang.invoke.DirectMethodHandle$Holder.invokeStaticInit(java.lang.Object, int, int, int, int)'> (0x000000008a6d5250) 
thrown [s\open\src\hotspot\share\interpreter\linkResolver.cpp, line 773]
Event: 0.745 Thread 0x000002100e99ccb0 Exception <a 'java/lang/NoSuchMethodError'{0x000000008a5a6458}: 'java.lang.Object java.lang.invoke.DirectMethodHandle$Holder.invokeStaticInit(java.lang.Object, java.lang.Object, int, int, int, int)'> (0x000000008a5a6458) 
thrown [s\open\src\hotspot\share\interpreter\linkResolver.cpp, line 773]
Event: 0.763 Thread 0x000002100e99ccb0 Exception <a 'java/lang/NoSuchMethodError'{0x000000008a413df8}: 'void java.lang.invoke.DirectMethodHandle$Holder.invokeVirtual(java.lang.Object, java.lang.Object)'> (0x000000008a413df8) 
thrown [s\open\src\hotspot\share\interpreter\linkResolver.cpp, line 773]
Event: 0.773 Thread 0x000002100e99ccb0 Exception <a 'java/lang/NoSuchMethodError'{0x000000008a455f50}: 'void java.lang.invoke.DirectMethodHandle$Holder.invokeStatic(java.lang.Object, java.lang.Object, java.lang.Object, java.lang.Object)'> (0x000000008a455f50) 
thrown [s\open\src\hotspot\share\interpreter\linkResolver.cpp, line 773]
Event: 0.787 Thread 0x000002100e99ccb0 Exception <a 'java/lang/NoSuchMethodError'{0x000000008a4b9a18}: 'int java.lang.invoke.DirectMethodHandle$Holder.invokeVirtual(java.lang.Object, java.lang.Object)'> (0x000000008a4b9a18) 
thrown [s\open\src\hotspot\share\interpreter\linkResolver.cpp, line 773]
Event: 0.788 Thread 0x000002100e99ccb0 Exception <a 'java/lang/NoSuchMethodError'{0x000000008a4c2b98}: 'java.lang.Object java.lang.invoke.Invokers$Holder.invokeExact_MT(java.lang.Object, java.lang.Object, java.lang.Object, java.lang.Object, java.lang.Object, java.lang.Object)'> (0x000000008a4c2b98) 
thrown [s\open\src\hotspot\share\interpreter\linkResolver.cpp, line 773]
Event: 0.807 Thread 0x000002100e99ccb0 Exception <a 'java/lang/NoSuchMethodError'{0x000000008a3670c0}: 'java.lang.Object java.lang.invoke.DirectMethodHandle$Holder.invokeSpecial(java.lang.Object, java.lang.Object, java.lang.Object, int, java.lang.Object)'> (0x000000008a3670c0) 
thrown [s\open\src\hotspot\share\interpreter\linkResolver.cpp, line 773]
Event: 0.819 Thread 0x000002100e99ccb0 Exception <a 'java/lang/NoSuchMethodError'{0x000000008a3bc7f8}: 'int java.lang.invoke.DirectMethodHandle$Holder.invokeStaticInit(java.lang.Object, java.lang.Object, java.lang.Object)'> (0x000000008a3bc7f8) 
thrown [s\open\src\hotspot\share\interpreter\linkResolver.cpp, line 773]
Event: 0.868 Thread 0x000002100e99ccb0 Exception <a 'java/lang/NoSuchMethodError'{0x000000008a1380f8}: 'java.lang.Object java.lang.invoke.DirectMethodHandle$Holder.invokeInterface(java.lang.Object, java.lang.Object)'> (0x000000008a1380f8) 
thrown [s\open\src\hotspot\share\interpreter\linkResolver.cpp, line 773]
Event: 0.868 Thread 0x000002100e99ccb0 Exception <a 'java/lang/IncompatibleClassChangeError'{0x000000008a13b640}: Found class java.lang.Object, but interface was expected> (0x000000008a13b640) 
thrown [s\open\src\hotspot\share\interpreter\linkResolver.cpp, line 840]
Event: 0.875 Thread 0x000002100e99ccb0 Exception <a 'java/lang/NoSuchMethodError'{0x000000008a163008}: 'java.lang.Object java.lang.invoke.DirectMethodHandle$Holder.newInvokeSpecial(java.lang.Object, java.lang.Object, java.lang.Object, java.lang.Object, java.lang.Object, java.lang.Object, java.lang.Object, java.lang.Object, java.lang.Object)'> (0x000000008a163008) 
thrown [s\open\src\hotspot\share\interpreter\linkResolver.cpp, line 773]
Event: 0.882 Thread 0x000002100e99ccb0 Exception <a 'java/lang/NoSuchMethodError'{0x000000008a197138}: 'java.lang.Object java.lang.invoke.DirectMethodHandle$Holder.newInvokeSpecial(java.lang.Object, java.lang.Object, java.lang.Object, java.lang.Object, java.lang.Object, java.lang.Object, java.lang.Object)'> (0x000000008a197138) 
thrown [s\open\src\hotspot\share\interpreter\linkResolver.cpp, line 773]
Event: 0.889 Thread 0x000002100e99ccb0 Exception <a 'java/lang/NoSuchMethodError'{0x000000008a1d96d0}: 'java.lang.Object java.lang.invoke.DirectMethodHandle$Holder.invokeStatic(java.lang.Object, int, java.lang.Object, java.lang.Object)'> (0x000000008a1d96d0) 
thrown [s\open\src\hotspot\share\interpreter\linkResolver.cpp, line 773]
Event: 0.890 Thread 0x000002100e99ccb0 Exception <a 'java/lang/NoSuchMethodError'{0x000000008a1dfe90}: 'java.lang.Object java.lang.invoke.DirectMethodHandle$Holder.newInvokeSpecial(java.lang.Object, int, java.lang.Object)'> (0x000000008a1dfe90) 
thrown [s\open\src\hotspot\share\interpreter\linkResolver.cpp, line 773]
Event: 1.010 Thread 0x000002100e99ccb0 Exception <a 'java/lang/NoSuchMethodError'{0x0000000089d51468}: 'void java.lang.invoke.DirectMethodHandle$Holder.invokeInterface(java.lang.Object, java.lang.Object, java.lang.Object)'> (0x0000000089d51468) 
thrown [s\open\src\hotspot\share\interpreter\linkResolver.cpp, line 773]
Event: 1.029 Thread 0x000002100e99ccb0 Exception <a 'java/lang/NoSuchMethodError'{0x0000000089d939b0}: 'void java.lang.invoke.DirectMethodHandle$Holder.invokeStatic(java.lang.Object, long)'> (0x0000000089d939b0) 
thrown [s\open\src\hotspot\share\interpreter\linkResolver.cpp, line 773]
Event: 1.030 Thread 0x000002100e99ccb0 Exception <a 'java/lang/NoSuchMethodError'{0x0000000089d9d150}: 'java.lang.Object java.lang.invoke.DirectMethodHandle$Holder.newInvokeSpecial(java.lang.Object, long)'> (0x0000000089d9d150) 
thrown [s\open\src\hotspot\share\interpreter\linkResolver.cpp, line 773]
Event: 1.033 Thread 0x000002100e99ccb0 Exception <a 'java/lang/NoSuchMethodError'{0x0000000089da6d80}: 'java.lang.Object java.lang.invoke.DirectMethodHandle$Holder.invokeStatic(java.lang.Object, long, java.lang.Object)'> (0x0000000089da6d80) 
thrown [s\open\src\hotspot\share\interpreter\linkResolver.cpp, line 773]
Event: 1.033 Thread 0x000002100e99ccb0 Exception <a 'java/lang/NoSuchMethodError'{0x0000000089daa6b8}: 'java.lang.Object java.lang.invoke.DirectMethodHandle$Holder.invokeStaticInit(java.lang.Object, long, java.lang.Object)'> (0x0000000089daa6b8) 
thrown [s\open\src\hotspot\share\interpreter\linkResolver.cpp, line 773]

ZGC Phase Switch (0 events):
No events

VM Operations (20 events):
Event: 0.139 Executing VM operation: HandshakeAllThreads (Deoptimize)
Event: 0.139 Executing VM operation: HandshakeAllThreads (Deoptimize) done
Event: 0.202 Executing VM operation: RedefineClasses
Event: 0.203 Executing VM operation: RedefineClasses done
Event: 0.495 Executing VM operation: HandshakeAllThreads (Deoptimize)
Event: 0.495 Executing VM operation: HandshakeAllThreads (Deoptimize) done
Event: 0.613 Executing VM operation: HandshakeAllThreads (Deoptimize)
Event: 0.613 Executing VM operation: HandshakeAllThreads (Deoptimize) done
Event: 0.645 Executing VM operation: HandshakeAllThreads (Deoptimize)
Event: 0.645 Executing VM operation: HandshakeAllThreads (Deoptimize) done
Event: 0.650 Executing VM operation: HandshakeAllThreads (Deoptimize)
Event: 0.650 Executing VM operation: HandshakeAllThreads (Deoptimize) done
Event: 0.688 Executing VM operation: HandshakeAllThreads (Deoptimize)
Event: 0.688 Executing VM operation: HandshakeAllThreads (Deoptimize) done
Event: 0.752 Executing VM operation: HandshakeAllThreads (Deoptimize)
Event: 0.752 Executing VM operation: HandshakeAllThreads (Deoptimize) done
Event: 1.005 Executing VM operation: HandshakeAllThreads (Deoptimize)
Event: 1.005 Executing VM operation: HandshakeAllThreads (Deoptimize) done
Event: 2.017 Executing VM operation: Cleanup
Event: 2.017 Executing VM operation: Cleanup done

Events (16 events):
Event: 0.038 Thread 0x000002100e99ccb0 Thread added: 0x000002100e99ccb0
Event: 0.057 Thread 0x000002102d55e980 Thread added: 0x000002102d55e980
Event: 0.057 Thread 0x000002102d55f780 Thread added: 0x000002102d55f780
Event: 0.058 Thread 0x000002102d562f90 Thread added: 0x000002102d562f90
Event: 0.058 Thread 0x000002102d566e90 Thread added: 0x000002102d566e90
Event: 0.058 Thread 0x000002102d5680a0 Thread added: 0x000002102d5680a0
Event: 0.058 Thread 0x000002102d56b0d0 Thread added: 0x000002102d56b0d0
Event: 0.058 Thread 0x000002102d57cf20 Thread added: 0x000002102d57cf20
Event: 0.058 Thread 0x000002102d58c140 Thread added: 0x000002102d58c140
Event: 0.131 Thread 0x000002102d79f370 Thread added: 0x000002102d79f370
Event: 0.204 Thread 0x000002102d893400 Thread added: 0x000002102d893400
Event: 0.259 Thread 0x000002107305f960 Thread added: 0x000002107305f960
Event: 0.259 Thread 0x00000210730914e0 Thread added: 0x00000210730914e0
Event: 0.369 Thread 0x000002102d58b3a0 Thread added: 0x000002102d58b3a0
Event: 1.042 Thread 0x000002107392f640 Thread added: 0x000002107392f640
Event: 6.051 Thread 0x000002102d58b3a0 Thread exited: 0x000002102d58b3a0


Dynamic libraries:
0x00007ff65e800000 - 0x00007ff65e810000 	C:\Program Files\Java\jdk-21\bin\java.exe
0x00007ffb29160000 - 0x00007ffb293c9000 	C:\WINDOWS\SYSTEM32\ntdll.dll
0x00007ffb288a0000 - 0x00007ffb28969000 	C:\WINDOWS\System32\KERNEL32.DLL
0x00007ffb268f0000 - 0x00007ffb26ce3000 	C:\WINDOWS\System32\KERNELBASE.dll
0x00007ffb26590000 - 0x00007ffb266db000 	C:\WINDOWS\System32\ucrtbase.dll
0x00007ffb13b40000 - 0x00007ffb13b59000 	C:\Program Files\Java\jdk-21\bin\jli.dll
0x00007ffb13bf0000 - 0x00007ffb13c0b000 	C:\Program Files\Java\jdk-21\bin\VCRUNTIME140.dll
0x00007ffb28080000 - 0x00007ffb28134000 	C:\WINDOWS\System32\ADVAPI32.dll
0x00007ffb26fd0000 - 0x00007ffb27079000 	C:\WINDOWS\System32\msvcrt.dll
0x00007ffb27fd0000 - 0x00007ffb28076000 	C:\WINDOWS\System32\sechost.dll
0x00007ffb277b0000 - 0x00007ffb278c8000 	C:\WINDOWS\System32\RPCRT4.dll
0x00007ffb27e00000 - 0x00007ffb27fc4000 	C:\WINDOWS\System32\USER32.dll
0x00007ffb26cf0000 - 0x00007ffb26d17000 	C:\WINDOWS\System32\win32u.dll
0x00007ffb0ebb0000 - 0x00007ffb0ee43000 	C:\WINDOWS\WinSxS\amd64_microsoft.windows.common-controls_6595b64144ccf1df_6.0.26100.5074_none_3e0d6f78e32fd63f\COMCTL32.dll
0x00007ffb290a0000 - 0x00007ffb290cb000 	C:\WINDOWS\System32\GDI32.dll
0x00007ffb26460000 - 0x00007ffb2658d000 	C:\WINDOWS\System32\gdi32full.dll
0x00007ffb266e0000 - 0x00007ffb26783000 	C:\WINDOWS\System32\msvcp_win.dll
0x00007ffb15d50000 - 0x00007ffb15d5b000 	C:\WINDOWS\SYSTEM32\VERSION.dll
0x00007ffb289f0000 - 0x00007ffb28a1f000 	C:\WINDOWS\System32\IMM32.DLL
0x00007ffb13bc0000 - 0x00007ffb13bcc000 	C:\Program Files\Java\jdk-21\bin\vcruntime140_1.dll
0x00007ffb031f0000 - 0x00007ffb0327e000 	C:\Program Files\Java\jdk-21\bin\msvcp140.dll
0x00007ffaa8310000 - 0x00007ffaa902a000 	C:\Program Files\Java\jdk-21\bin\server\jvm.dll
0x00007ffb278d0000 - 0x00007ffb27944000 	C:\WINDOWS\System32\WS2_32.dll
0x00007ffb26150000 - 0x00007ffb261ae000 	C:\WINDOWS\SYSTEM32\POWRPROF.dll
0x00007ffb10370000 - 0x00007ffb103a5000 	C:\WINDOWS\SYSTEM32\WINMM.dll
0x00007ffb26130000 - 0x00007ffb26144000 	C:\WINDOWS\SYSTEM32\UMPDC.dll
0x00007ffb250d0000 - 0x00007ffb250eb000 	C:\WINDOWS\SYSTEM32\kernel.appcore.dll
0x00007ffb13b30000 - 0x00007ffb13b3a000 	C:\Program Files\Java\jdk-21\bin\jimage.dll
0x00007ffb23a10000 - 0x00007ffb23c52000 	C:\WINDOWS\SYSTEM32\DBGHELP.DLL
0x00007ffb27a70000 - 0x00007ffb27deb000 	C:\WINDOWS\System32\combase.dll
0x00007ffb27950000 - 0x00007ffb27a27000 	C:\WINDOWS\System32\OLEAUT32.dll
0x00007ffb0c610000 - 0x00007ffb0c64d000 	C:\WINDOWS\SYSTEM32\dbgcore.DLL
0x00007ffb26790000 - 0x00007ffb26829000 	C:\WINDOWS\System32\bcryptPrimitives.dll
0x00007ffb0ced0000 - 0x00007ffb0cedf000 	C:\Program Files\Java\jdk-21\bin\instrument.dll
0x00007ffb0cee0000 - 0x00007ffb0ceff000 	C:\Program Files\Java\jdk-21\bin\java.dll
0x00007ffb0ce60000 - 0x00007ffb0ce78000 	C:\Program Files\Java\jdk-21\bin\zip.dll
0x00007ffb28140000 - 0x00007ffb2888d000 	C:\WINDOWS\System32\SHELL32.dll
0x00007ffb262f0000 - 0x00007ffb2645c000 	C:\WINDOWS\System32\wintypes.dll
0x00007ffb23f20000 - 0x00007ffb24779000 	C:\WINDOWS\SYSTEM32\windows.storage.dll
0x00007ffb28fa0000 - 0x00007ffb29090000 	C:\WINDOWS\System32\SHCORE.dll
0x00007ffb28bf0000 - 0x00007ffb28c52000 	C:\WINDOWS\System32\shlwapi.dll
0x00007ffb26210000 - 0x00007ffb26239000 	C:\WINDOWS\SYSTEM32\profapi.dll
0x00007ffb00290000 - 0x00007ffb00367000 	C:\Program Files\Java\jdk-21\bin\jsvml.dll
0x00007ffb13ae0000 - 0x00007ffb13af0000 	C:\Program Files\Java\jdk-21\bin\net.dll
0x00007ffb176d0000 - 0x00007ffb177ef000 	C:\WINDOWS\SYSTEM32\WINHTTP.dll
0x00007ffb25650000 - 0x00007ffb256bb000 	C:\WINDOWS\system32\mswsock.dll
0x00007ffb0ce80000 - 0x00007ffb0ce96000 	C:\Program Files\Java\jdk-21\bin\nio.dll
0x00007ffb13a90000 - 0x00007ffb13a99000 	C:\Program Files\Java\jdk-21\bin\extnet.dll
0x00007ffb25900000 - 0x00007ffb2591b000 	C:\WINDOWS\SYSTEM32\CRYPTSP.dll
0x00007ffb25030000 - 0x00007ffb2506b000 	C:\WINDOWS\system32\rsaenh.dll
0x00007ffb256f0000 - 0x00007ffb2571b000 	C:\WINDOWS\SYSTEM32\USERENV.dll
0x00007ffb261e0000 - 0x00007ffb26206000 	C:\WINDOWS\SYSTEM32\bcrypt.dll
0x00007ffb258f0000 - 0x00007ffb258fc000 	C:\WINDOWS\SYSTEM32\CRYPTBASE.dll
0x00007ffb24b50000 - 0x00007ffb24b84000 	C:\WINDOWS\SYSTEM32\IPHLPAPI.DLL
0x00007ffb27df0000 - 0x00007ffb27dfa000 	C:\WINDOWS\System32\NSI.dll
0x00007ffb24b90000 - 0x00007ffb24cb6000 	C:\WINDOWS\SYSTEM32\DNSAPI.dll
0x00007ffb17100000 - 0x00007ffb1710b000 	C:\Windows\System32\rasadhlp.dll
0x00007ffb1c070000 - 0x00007ffb1c0f6000 	C:\WINDOWS\System32\fwpuclnt.dll
0x00007ffb0cdb0000 - 0x00007ffb0cdba000 	C:\Program Files\Java\jdk-21\bin\management.dll
0x00007ffb0cda0000 - 0x00007ffb0cdab000 	C:\Program Files\Java\jdk-21\bin\management_ext.dll
0x00007ffb28890000 - 0x00007ffb28898000 	C:\WINDOWS\System32\PSAPI.DLL

dbghelp: loaded successfully - version: 4.0.5 - missing functions: none
symbol engine: initialized successfully - sym options: 0x614 - pdb path: .;C:\Program Files\Java\jdk-21\bin;C:\WINDOWS\SYSTEM32;C:\WINDOWS\WinSxS\amd64_microsoft.windows.common-controls_6595b64144ccf1df_6.0.26100.5074_none_3e0d6f78e32fd63f;C:\Program Files\Java\jdk-21\bin\server

VM Arguments:
jvm_args: -javaagent:C:\Users\USER\AppData\Local\JetBrains\IdeaIC2025.2\captureAgent\debugger-agent.jar=file:///C:/Users/USER/AppData/Local/Temp/capture17985421244576790025.props -ea -Didea.test.cyclic.buffer.size=1048576 -javaagent:C:\Program Files\JetBrains\IntelliJ IDEA Community Edition 2025.2.1\lib\idea_rt.jar=52286 -Dkotlinx.coroutines.debug.enable.creation.stack.trace=false -Ddebugger.agent.enable.coroutines=true -Dkotlinx.coroutines.debug.enable.flows.stack.trace=true -Dkotlinx.coroutines.debug.enable.mutable.state.flows.stack.trace=true -Dfile.encoding=UTF-8 -Dsun.stdout.encoding=UTF-8 -Dsun.stderr.encoding=UTF-8 
java_command: com.intellij.rt.testng.RemoteTestNGStarter -usedefaultlisteners false -socket52285 @w@C:\Users\USER\AppData\Local\Temp\idea_working_dirs_testng.tmp -temp C:\Users\USER\AppData\Local\Temp\idea_testng.tmp
java_class_path (initial): C:\Program Files\JetBrains\IntelliJ IDEA Community Edition 2025.2.1\lib\idea_rt.jar;C:\Program Files\JetBrains\IntelliJ IDEA Community Edition 2025.2.1\plugins\testng\lib\testng-rt.jar;C:\Users\USER\Documents\Ndosi Automation\Project\InventoryForm\target\test-classes;C:\Users\USER\.m2\repository\org\seleniumhq\selenium\selenium-java\4.35.0\selenium-java-4.35.0.jar;C:\Users\USER\.m2\repository\org\seleniumhq\selenium\selenium-api\4.35.0\selenium-api-4.35.0.jar;C:\Users\USER\.m2\repository\org\jspecify\jspecify\1.0.0\jspecify-1.0.0.jar;C:\Users\USER\.m2\repository\org\seleniumhq\selenium\selenium-chrome-driver\4.35.0\selenium-chrome-driver-4.35.0.jar;C:\Users\USER\.m2\repository\com\google\auto\service\auto-service-annotations\1.1.1\auto-service-annotations-1.1.1.jar;C:\Users\USER\.m2\repository\org\seleniumhq\selenium\selenium-chromium-driver\4.35.0\selenium-chromium-driver-4.35.0.jar;C:\Users\USER\.m2\repository\org\seleniumhq\selenium\selenium-json\4.35.0\selenium-json-4.35.0.jar;C:\Users\USER\.m2\repository\org\seleniumhq\selenium\selenium-manager\4.35.0\selenium-manager-4.35.0.jar;C:\Users\USER\.m2\repository\org\seleniumhq\selenium\selenium-devtools-v137\4.35.0\selenium-devtools-v137-4.35.0.jar;C:\Users\USER\.m2\repository\org\seleniumhq\selenium\selenium-devtools-v138\4.35.0\selenium-devtools-v138-4.35.0.jar;C:\Users\USER\.m2\repository\org\seleniumhq\selenium\selenium-devtools-v139\4.35.0\selenium-devtools-v139-4.35.0.jar;C:\Users\USER\.m2\repository\org\seleniumhq\selenium\selenium-edge-driver\4.35.0\selenium-edge-driver-4.35.0.jar;C:\Users\USER\.m2\repository\org\seleniumhq\selenium\selenium-firefox-driver\4.35.0\selenium-firefox-driver-4.35.0.jar;C:\Users\USER\.m2\repository\org\seleniumhq\selenium\selenium-http\4.35.0\selenium-http-4.35.0.jar;C:\Users\USER\.m2\repository\org\seleniumhq\selenium\selenium-ie-driver\4.35.0\selenium-ie-driver-4.35.0.jar;C:\Users\USER\.m2\repository\org\seleniumhq\selenium\selenium-remote-driver\4.35.0\selenium-remote-driver-4.35.0.jar;C:\Users\USER\.m2\repository\com\google\guava\guava\33.4.8-jre\guava-33.4.8-jre.jar;C:\Users\USER\.m2\repository\com\google\guava\failureaccess\1.0.3\failureaccess-1.0.3.jar;C:\Users\USER\.m2\repository\com\google\guava\listenablefuture\9999.0-empty-to-avoid-conflict-with-guava\listenablefuture-9999.0-empty-to-avoid-conflict-with-guava.jar;C:\Users\USER\.m2\repository\com\google\errorprone\error_prone_annotations\2.36.0\error_prone_annotations-2.36.0.jar;C:\Users\USER\.m2\repository\com\google\j2objc\j2objc-annotations\3.0.0\j2objc-annotations-3.0.0.jar;C:\Users\USER\.m2\repository\io\opentelemetry\opentelemetry-api\1.53.0\opentelemetry-api-1.53.0.jar;C:\Users\USER\.m2\repository\io\opentelemetry\opentelemetry-context\1.53.0\opentelemetry-context-1.53.0.jar;C:\Users\USER\.m2\repository\io\opentelemetry\opentelemetry-common\1.53.0\opentelemetry-common-1.53.0.jar;C:\Users\USER\.m2\repository\io\opentelemetry\opentelemetry-exporter-logging\1.53.0\opentelemetry-exporter-logging-1.53.0.jar;C:\Users\USER\.m2\repository\io\opentelemetry\opentelemetry-sdk-common\1.53.0\opentelemetry-sdk-common-1.53.0.jar;C:\Users\USER\.m2\repository\io\opentelemetry\opentelemetry-sdk-extension-autoconfigure-spi\1.53.0\opentelemetry-sdk-extension-autoconfigure-spi-1.53.0.jar;C:\Users\USER\.m2\repository\io\opentelemetry\opentelemetry-sdk-extension-autoconfigure\1.53.0\opentelemetry-sdk-extension-autoconfigure-1.53.0.jar;C:\Users\USER\.m2\repository\io\opentelemetry\opentelemetry-sdk-trace\1.53.0\opentelemetry-sdk-trace-1.53.0.jar;C:\Users\USER\.m2\repository\io\opentelemetry\opentelemetry-sdk\1.53.0\opentelemetry-sdk-1.53.0.jar;C:\Users\USER\.m2\repository\io\opentelemetry\opentelemetry-sdk-metrics\1.53.0\opentelemetry-sdk-metrics-1.53.0.jar;C:\Users\USER\.m2\repository\io\opentelemetry\opentelemetry-sdk-logs\1.53.0\opentelemetry-sdk-logs-1.53.0.jar;C:\Users\USER\.m2\repository\net\bytebuddy\byte-buddy\1.17.6\byte-buddy-1.17.6.jar;C:\Users\USER\.m2\repository\org\seleniumhq\selenium\selenium-os\4.35.0\selenium-os-4.35.0.jar;C:\Users\USER\.m2\repository\org\apache\commons\commons-exec\1.5.0\commons-exec-1.5.0.jar;C:\Users\USER\.m2\repository\org\seleniumhq\selenium\selenium-safari-driver\4.35.0\selenium-safari-driver-4.35.0.jar;C:\Users\USER\.m2\repository\org\seleniumhq\selenium\selenium-support\4.35.0\selenium-support-4.35.0.jar;C:\Users\USER\.m2\repository\org\testng\testng\7.11.0\testng-7.11.0.jar;C:\Users\USER\.m2\repository\org\slf4j\slf4j-api\2.0.16\slf4j-api-2.0.16.jar;C:\Users\USER\.m2\repository\org\jcommander\jcommander\1.83\jcommander-1.83.jar;C:\Users\USER\.m2\repository\org\webjars\jquery\3.7.1\jquery-3.7.1.jar;C:\Users\USER\.m2\repository\com\github\javafaker\javafaker\1.0.2\javafaker-1.0.2.jar;C:\Users\USER\.m2\repository\org\apache\commons\commons-lang3\3.5\commons-lang3-3.5.jar;C:\Users\USER\.m2\repository\org\yaml\snakeyaml\1.23\snakeyaml-1.23-android.jar;C:\Users\USER\.m2\repository\com\github\mifmif\generex\1.0.2\generex-1.0.2.jar;C:\Users\USER\.m2\repository\dk\brics\automaton\automaton\1.11-8\automaton-1.11-8.jar;C:\Users\USER\.m2\repository\commons-io\commons-io\2.20.0\commons-io-2.20.0.jar;C:\Users\USER\.m2\repository\com\aventstack\extentreports\5.1.2\extentreports-5.1.2.jar;C:\Users\USER\.m2\repository\io\reactivex\rxjava3\rxjava\3.1.6\rxjava-3.1.6.jar;C:\Users\USER\.m2\repository\org\reactivestreams\reactive-streams\1.0.4\reactive-streams-1.0.4.jar;C:\Users\USER\.m2\repository\org\freemarker\freemarker\2.3.32\freemarker-2.3.32.jar;C:\Users\USER\.m2\repository\org\projectlombok\lombok\1.18.26\lombok-1.18.26.jar;C:\Users\USER\.m2\repository\com\google\code\gson\gson\2.10.1\gson-2.10.1.jar
Launcher Type: SUN_STANDARD

[Global flags]
     intx CICompilerCount                          = 4                                         {product} {ergonomic}
     uint ConcGCThreads                            = 2                                         {product} {ergonomic}
     uint G1ConcRefinementThreads                  = 8                                         {product} {ergonomic}
   size_t G1HeapRegionSize                         = 1048576                                   {product} {ergonomic}
    uintx GCDrainStackTargetSize                   = 64                                        {product} {ergonomic}
   size_t InitialHeapSize                          = 132120576                                 {product} {ergonomic}
   size_t MarkStackSize                            = 4194304                                   {product} {ergonomic}
   size_t MaxHeapSize                              = 2090860544                                {product} {ergonomic}
   size_t MaxNewSize                               = 1254096896                                {product} {ergonomic}
   size_t MinHeapDeltaBytes                        = 1048576                                   {product} {ergonomic}
   size_t MinHeapSize                              = 8388608                                   {product} {ergonomic}
    uintx NonNMethodCodeHeapSize                   = 5839372                                {pd product} {ergonomic}
    uintx NonProfiledCodeHeapSize                  = 122909434                              {pd product} {ergonomic}
    uintx ProfiledCodeHeapSize                     = 122909434                              {pd product} {ergonomic}
    uintx ReservedCodeCacheSize                    = 251658240                              {pd product} {ergonomic}
     bool SegmentedCodeCache                       = true                                      {product} {ergonomic}
   size_t SoftMaxHeapSize                          = 2090860544                             {manageable} {ergonomic}
     bool UseCompressedOops                        = true                           {product lp64_product} {ergonomic}
     bool UseG1GC                                  = true                                      {product} {ergonomic}
     bool UseLargePagesIndividualAllocation        = false                                  {pd product} {ergonomic}

Logging:
Log output configuration:
 #0: stdout all=warning uptime,level,tags foldmultilines=false
 #1: stderr all=off uptime,level,tags foldmultilines=false

Environment Variables:
JAVA_HOME=C:\Program Files\Java\jdk-21
PATH=C:\Program Files\Common Files\Oracle\Java\javapath;C:\Program Files (x86)\Common Files\Oracle\Java\java8path;C:\Program Files (x86)\Common Files\Oracle\Java\javapath;C:\Program Files\Java\jdk-1.8\bin;C:\WINDOWS\system32;C:\WINDOWS;C:\WINDOWS\System32\Wbem;C:\WINDOWS\System32\WindowsPowerShell\v1.0\;C:\WINDOWS\System32\OpenSSH\;C:\Program Files\dotnet\;C:\Program Files\Git\cmd;C:\Program Files\Java\jdk-21\bin;C:\Program Files\apache-maven-3.9.11\bin;C:\Program Files\nodejs\;C:\Users\USER\AppData\Local\Programs\Python\Python313\Scripts\;C:\Users\USER\AppData\Local\Programs\Python\Python313\;C:\Program Files\Java\jdk-1.8\bin;C:\Program Files\MySQL\MySQL Shell 8.0\bin\;C:\Users\USER\AppData\Local\Microsoft\WindowsApps;C:\Users\USER\.dotnet\tools;C:\Users\USER\AppData\Roaming\npm
USERNAME=USER
OS=Windows_NT
PROCESSOR_IDENTIFIER=Intel64 Family 6 Model 140 Stepping 1, GenuineIntel
TMP=C:\Users\USER\AppData\Local\Temp
TEMP=C:\Users\USER\AppData\Local\Temp




Periodic native trim disabled

---------------  S Y S T E M  ---------------

OS:
 Windows 11 , 64 bit Build 26100 (10.0.26100.5074)
OS uptime: 10 days 4:39 hours
Hyper-V role detected

CPU: total 8 (initial active 8) (4 cores per cpu, 2 threads per core) family 6 model 140 stepping 1 microcode 0x8a, cx8, cmov, fxsr, ht, mmx, 3dnowpref, sse, sse2, sse3, ssse3, sse4.1, sse4.2, popcnt, lzcnt, tsc, tscinvbit, avx, avx2, aes, erms, clmul, bmi1, bmi2, adx, avx512f, avx512dq, avx512cd, avx512bw, avx512vl, sha, fma, vzeroupper, avx512_vpopcntdq, avx512_vpclmulqdq, avx512_vaes, avx512_vnni, clflush, clflushopt, clwb, avx512_vbmi2, avx512_vbmi, hv, rdtscp, rdpid, fsrm, gfni, avx512_bitalg, f16c, cet_ibt, cet_ss, avx512_ifma
Processor Information for all 8 processors :
  Max Mhz: 2419, Current Mhz: 2419, Mhz Limit: 2419

Memory: 4k page, system-wide physical 7971M (617M free)
TotalPageFile size 32547M (AvailPageFile size 8M)
current process WorkingSet (physical memory assigned to process): 88M, peak: 93M
current process commit charge ("private bytes"): 232M, peak: 236M

vm_info: Java HotSpot(TM) 64-Bit Server VM (21.0.7+8-LTS-245) for windows-amd64 JRE (21.0.7+8-LTS-245), built on 2025-02-21T05:11:27Z by "mach5one" with MS VC++ 17.6 (VS2022)

END.
